<?xml version="1.0" encoding="UTF-8"?>
<!-- Generated by org.testng.reporters.JUnitReportReporter -->
<testsuite hostname="DESKTOP-16JJG09" failures="0" tests="3" name="testscript.AdminTest" time="17.149" errors="0" timestamp="2025-08-07T15:24:04 IST" skipped="0">
  <testcase classname="testscript.AdminTest" name="verifyReset" time="5.192"/>
  <testcase classname="testscript.AdminTest" name="verifySearch" time="7.449"/>
  <testcase classname="testscript.AdminTest" name="verifyUserAbleToAddUser" time="4.508"/>
</testsuite> <!-- testscript.AdminTest -->
