<?xml version="1.0" encoding="UTF-8"?>
<!-- Generated by org.testng.reporters.JUnitReportReporter -->
<testsuite hostname="DESKTOP-16JJG09" failures="0" tests="5" name="testscript.LoginTest" time="13.085" errors="0" timestamp="2025-08-08T09:39:57 IST" skipped="0">
  <testcase classname="testscript.LoginTest" name="verifyWhetherUserIsAbleToLoginWithValidCredential" time="3.155"/>
  <testcase classname="testscript.LoginTest" name="verifyWhetherUserIsAbleToLoginWithValidPasswordInvalidUsername" time="3.085"/>
  <testcase classname="testscript.LoginTest" name="verifyWhetherUserIsAbleToLoginWithInValidPasswordValidUsername" time="2.237"/>
  <testcase classname="testscript.LoginTest" name="verifyWhetherUserIsAbleToLoginWithInValidPasswordInValidUsername" time="2.259"/>
  <testcase classname="testscript.LoginTest" name="verifyWhetherUserIsAbleToLoginWithInValidPasswordInValidUsername" time="2.349"/>
</testsuite> <!-- testscript.LoginTest -->
