<?xml version="1.0" encoding="UTF-8"?>
<!-- Generated by org.testng.reporters.JUnitReportReporter -->
<testsuite hostname="DESKTOP-16JJG09" failures="0" tests="1" name="testscript.AdminTest" time="6.491" errors="0" timestamp="2025-08-04T15:28:53 IST" skipped="0">
  <testcase classname="testscript.AdminTest" name="verifyReset" time="6.491"/>
</testsuite> <!-- testscript.AdminTest -->
