<?xml version="1.0" encoding="UTF-8"?>
<!-- Generated by org.testng.reporters.JUnitReportReporter -->
<testsuite hostname="DESKTOP-16JJG09" failures="0" tests="1" name="testscript.HomeTest" time="4.416" errors="0" timestamp="2025-08-08T09:37:33 IST" skipped="0">
  <testcase classname="testscript.HomeTest" name="verifyWhetherUserAbleToLogout" time="4.416"/>
</testsuite> <!-- testscript.HomeTest -->
