<?xml version="1.0" encoding="UTF-8"?>
<!-- Generated by org.testng.reporters.JUnitReportReporter -->
<testsuite hostname="DESKTOP-16JJG09" failures="0" tests="1" name="testscript.NewsTest" time="8.070" errors="0" timestamp="2025-07-28T12:58:45 IST" skipped="0">
  <testcase classname="testscript.NewsTest" name="verifySearchNews" time="8.070"/>
</testsuite> <!-- testscript.NewsTest -->
