<?xml version="1.0" encoding="UTF-8"?>
<!-- Generated by org.testng.reporters.JUnitReportReporter -->
<testsuite hostname="DESKTOP-16JJG09" failures="0" tests="1" name="testscript.LoginTest" time="5.587" errors="0" timestamp="2025-08-01T18:27:13 IST" skipped="0">
  <testcase classname="testscript.LoginTest" name="verifyWhetherUserIsAbleToLoginWithValidCredential" time="5.587"/>
</testsuite> <!-- testscript.LoginTest -->
