<?xml version="1.0" encoding="UTF-8"?>
<!-- Generated by org.testng.reporters.JUnitReportReporter -->
<testsuite hostname="DESKTOP-16JJG09" failures="0" tests="4" name="testscript.LoginTest" time="23.222" errors="0" timestamp="2025-08-05T14:15:43 IST" skipped="0">
  <testcase classname="testscript.LoginTest" name="verifyWhetherUserIsAbleToLoginWithValidCredential" time="6.231"/>
  <testcase classname="testscript.LoginTest" name="verifyWhetherUserIsAbleToLoginWithValidPasswordInvalidUsername" time="5.451"/>
  <testcase classname="testscript.LoginTest" name="verifyWhetherUserIsAbleToLoginWithInValidPasswordValidUsername" time="6.157"/>
  <testcase classname="testscript.LoginTest" name="verifyWhetherUserIsAbleToLoginWithInValidPasswordInValidUsername" time="5.383"/>
</testsuite> <!-- testscript.LoginTest -->
