<?xml version="1.0" encoding="UTF-8"?>
<!-- Generated by org.testng.reporters.JUnitReportReporter -->
<testsuite hostname="DESKTOP-16JJG09" failures="0" tests="3" name="testscript.NewsTest" time="11.287" errors="0" timestamp="2025-08-08T09:45:01 IST" skipped="0">
  <testcase classname="testscript.NewsTest" name="verifySearchNews" time="3.162"/>
  <testcase classname="testscript.NewsTest" name="verifyAddNews" time="4.323"/>
  <testcase classname="testscript.NewsTest" name="verifyReset" time="3.802"/>
</testsuite> <!-- testscript.NewsTest -->
