<?xml version="1.0" encoding="UTF-8"?>
<!-- Generated by org.testng.reporters.JUnitReportReporter -->
<testsuite hostname="DESKTOP-16JJG09" failures="0" tests="3" name="testscript.AdminTest" time="16.910" errors="0" timestamp="2025-08-01T18:27:13 IST" skipped="0">
  <testcase classname="testscript.AdminTest" name="verifyReset" time="6.727"/>
  <testcase classname="testscript.AdminTest" name="verifyUserAbleToAddUser" time="5.337"/>
  <testcase classname="testscript.AdminTest" name="verifySearch" time="4.846"/>
</testsuite> <!-- testscript.AdminTest -->
