<?xml version="1.0" encoding="UTF-8"?>
<!-- Generated by org.testng.reporters.JUnitReportReporter -->
<testsuite hostname="DESKTOP-16JJG09" failures="0" tests="1" name="testscript.AdminTest" time="8.498" errors="0" timestamp="2025-07-28T13:36:20 IST" skipped="0">
  <testcase classname="testscript.AdminTest" name="verifyUserAbleToAddUser" time="8.498"/>
</testsuite> <!-- testscript.AdminTest -->
