<?xml version="1.0" encoding="UTF-8"?>
<!-- Generated by org.testng.reporters.JUnitReportReporter -->
<testsuite hostname="DESKTOP-16JJG09" failures="0" tests="1" name="testscript.HomeTest" time="3.940" errors="0" timestamp="2025-08-01T18:27:13 IST" skipped="0">
  <testcase classname="testscript.HomeTest" name="verifyWhetherUserAbleToLogout" time="3.940"/>
</testsuite> <!-- testscript.HomeTest -->
