<?xml version="1.0" encoding="UTF-8"?>
<!-- Generated by org.testng.reporters.JUnitReportReporter -->
<testsuite hostname="DESKTOP-16JJG09" failures="0" tests="1" name="testscript.HomeTest" time="6.453" errors="0" timestamp="2025-07-23T12:25:23 IST" skipped="0">
  <testcase classname="testscript.HomeTest" name="verifyWhetherUserAbleToLogout" time="6.453"/>
</testsuite> <!-- testscript.HomeTest -->
